<?xml version="1.0" encoding="UTF-8" ?>
<testsuite tests="25" failures="0" name="org.jangolano.wordsearch.model.PuzzleTest" time="0.057" errors="0" skipped="0">
  <properties>
    <property name="java.runtime.name" value="Java(TM) SE Runtime Environment"/>
    <property name="sun.boot.library.path" value="/Library/Java/JavaVirtualMachines/jdk1.8.0_181.jdk/Contents/Home/jre/lib"/>
    <property name="java.vm.version" value="25.181-b13"/>
    <property name="gopherProxySet" value="false"/>
    <property name="java.vm.vendor" value="Oracle Corporation"/>
    <property name="maven.multiModuleProjectDirectory" value="/Users/joshangolano/IdeaProjects/wordsearch"/>
    <property name="java.vendor.url" value="http://java.oracle.com/"/>
    <property name="path.separator" value=":"/>
    <property name="guice.disable.misplaced.annotation.check" value="true"/>
    <property name="java.vm.name" value="Java HotSpot(TM) 64-Bit Server VM"/>
    <property name="file.encoding.pkg" value="sun.io"/>
    <property name="user.country" value="US"/>
    <property name="sun.java.launcher" value="SUN_STANDARD"/>
    <property name="sun.os.patch.level" value="unknown"/>
    <property name="java.vm.specification.name" value="Java Virtual Machine Specification"/>
    <property name="user.dir" value="/Users/joshangolano/IdeaProjects/wordsearch"/>
    <property name="java.runtime.version" value="1.8.0_181-b13"/>
    <property name="java.awt.graphicsenv" value="sun.awt.CGraphicsEnvironment"/>
    <property name="java.endorsed.dirs" value="/Library/Java/JavaVirtualMachines/jdk1.8.0_181.jdk/Contents/Home/jre/lib/endorsed"/>
    <property name="os.arch" value="x86_64"/>
    <property name="java.io.tmpdir" value="/var/folders/gm/yl9zyszj2jdb1wmbsy4l2tth0000gn/T/"/>
    <property name="line.separator" value="
"/>
    <property name="java.vm.specification.vendor" value="Oracle Corporation"/>
    <property name="os.name" value="Mac OS X"/>
    <property name="classworlds.conf" value="/Users/joshangolano/apache-maven-3.5.4/bin/m2.conf"/>
    <property name="sun.jnu.encoding" value="UTF-8"/>
    <property name="java.library.path" value="/Users/joshangolano/Library/Java/Extensions:/Library/Java/Extensions:/Network/Library/Java/Extensions:/System/Library/Java/Extensions:/usr/lib/java:."/>
    <property name="maven.conf" value="/Users/joshangolano/apache-maven-3.5.4/conf"/>
    <property name="java.specification.name" value="Java Platform API Specification"/>
    <property name="java.class.version" value="52.0"/>
    <property name="sun.management.compiler" value="HotSpot 64-Bit Tiered Compilers"/>
    <property name="os.version" value="10.14"/>
    <property name="library.jansi.path" value="/Users/joshangolano/apache-maven-3.5.4/lib/jansi-native"/>
    <property name="http.nonProxyHosts" value="local|*.local|169.254/16|*.169.254/16"/>
    <property name="user.home" value="/Users/joshangolano"/>
    <property name="user.timezone" value="America/Chicago"/>
    <property name="java.awt.printerjob" value="sun.lwawt.macosx.CPrinterJob"/>
    <property name="java.specification.version" value="1.8"/>
    <property name="file.encoding" value="UTF-8"/>
    <property name="user.name" value="joshangolano"/>
    <property name="java.class.path" value="/Users/joshangolano/apache-maven-3.5.4/boot/plexus-classworlds-2.5.2.jar"/>
    <property name="java.vm.specification.version" value="1.8"/>
    <property name="sun.arch.data.model" value="64"/>
    <property name="java.home" value="/Library/Java/JavaVirtualMachines/jdk1.8.0_181.jdk/Contents/Home/jre"/>
    <property name="sun.java.command" value="org.codehaus.plexus.classworlds.launcher.Launcher test"/>
    <property name="java.specification.vendor" value="Oracle Corporation"/>
    <property name="user.language" value="en"/>
    <property name="awt.toolkit" value="sun.lwawt.macosx.LWCToolkit"/>
    <property name="java.vm.info" value="mixed mode"/>
    <property name="java.version" value="1.8.0_181"/>
    <property name="java.ext.dirs" value="/Users/joshangolano/Library/Java/Extensions:/Library/Java/JavaVirtualMachines/jdk1.8.0_181.jdk/Contents/Home/jre/lib/ext:/Library/Java/Extensions:/Network/Library/Java/Extensions:/System/Library/Java/Extensions:/usr/lib/java"/>
    <property name="sun.boot.class.path" value="/Library/Java/JavaVirtualMachines/jdk1.8.0_181.jdk/Contents/Home/jre/lib/resources.jar:/Library/Java/JavaVirtualMachines/jdk1.8.0_181.jdk/Contents/Home/jre/lib/rt.jar:/Library/Java/JavaVirtualMachines/jdk1.8.0_181.jdk/Contents/Home/jre/lib/sunrsasign.jar:/Library/Java/JavaVirtualMachines/jdk1.8.0_181.jdk/Contents/Home/jre/lib/jsse.jar:/Library/Java/JavaVirtualMachines/jdk1.8.0_181.jdk/Contents/Home/jre/lib/jce.jar:/Library/Java/JavaVirtualMachines/jdk1.8.0_181.jdk/Contents/Home/jre/lib/charsets.jar:/Library/Java/JavaVirtualMachines/jdk1.8.0_181.jdk/Contents/Home/jre/lib/jfr.jar:/Library/Java/JavaVirtualMachines/jdk1.8.0_181.jdk/Contents/Home/jre/classes"/>
    <property name="java.vendor" value="Oracle Corporation"/>
    <property name="maven.home" value="/Users/joshangolano/apache-maven-3.5.4"/>
    <property name="file.separator" value="/"/>
    <property name="java.vendor.url.bug" value="http://bugreport.sun.com/bugreport/"/>
    <property name="sun.cpu.endian" value="little"/>
    <property name="sun.io.unicode.encoding" value="UnicodeBig"/>
    <property name="socksNonProxyHosts" value="local|*.local|169.254/16|*.169.254/16"/>
    <property name="ftp.nonProxyHosts" value="local|*.local|169.254/16|*.169.254/16"/>
    <property name="sun.cpu.isalist" value=""/>
  </properties>
  <testcase classname="org.jangolano.wordsearch.model.PuzzleTest" name="searchDiangalBottomLeft" time="0.05"/>
  <testcase classname="org.jangolano.wordsearch.model.PuzzleTest" name="searchPuzzleSingleLetter" time="0"/>
  <testcase classname="org.jangolano.wordsearch.model.PuzzleTest" name="setValueAtOutOfBounds" time="0.001"/>
  <testcase classname="org.jangolano.wordsearch.model.PuzzleTest" name="searchVerticalNotFound" time="0"/>
  <testcase classname="org.jangolano.wordsearch.model.PuzzleTest" name="setValueAt" time="0"/>
  <testcase classname="org.jangolano.wordsearch.model.PuzzleTest" name="searchPuzzleForWordsDHL" time="0"/>
  <testcase classname="org.jangolano.wordsearch.model.PuzzleTest" name="searchPuzzleForWordsPON" time="0.001"/>
  <testcase classname="org.jangolano.wordsearch.model.PuzzleTest" name="searchHorizontal" time="0"/>
  <testcase classname="org.jangolano.wordsearch.model.PuzzleTest" name="getLocationsOf" time="0.001"/>
  <testcase classname="org.jangolano.wordsearch.model.PuzzleTest" name="getValueAtOutOfBounds" time="0"/>
  <testcase classname="org.jangolano.wordsearch.model.PuzzleTest" name="searchDiagnalBottomRight" time="0.001"/>
  <testcase classname="org.jangolano.wordsearch.model.PuzzleTest" name="searchVertical" time="0"/>
  <testcase classname="org.jangolano.wordsearch.model.PuzzleTest" name="searchHorizontalNotFound" time="0"/>
  <testcase classname="org.jangolano.wordsearch.model.PuzzleTest" name="searchDiagnalTopLeft" time="0.001"/>
  <testcase classname="org.jangolano.wordsearch.model.PuzzleTest" name="searchDiagnalTopRight" time="0"/>
  <testcase classname="org.jangolano.wordsearch.model.PuzzleTest" name="searchVerticalBackwards" time="0"/>
  <testcase classname="org.jangolano.wordsearch.model.PuzzleTest" name="searchDiagnalBottomRightNotFound" time="0"/>
  <testcase classname="org.jangolano.wordsearch.model.PuzzleTest" name="searchDiagnalTopLeftNotFound" time="0"/>
  <testcase classname="org.jangolano.wordsearch.model.PuzzleTest" name="searchHorizontalBackwardsNotFound" time="0"/>
  <testcase classname="org.jangolano.wordsearch.model.PuzzleTest" name="getValueAt" time="0"/>
  <testcase classname="org.jangolano.wordsearch.model.PuzzleTest" name="searchHorizontalBackwards" time="0"/>
  <testcase classname="org.jangolano.wordsearch.model.PuzzleTest" name="searchPuzzleForWordsNJFB" time="0"/>
  <testcase classname="org.jangolano.wordsearch.model.PuzzleTest" name="searchDiagnalTopRightNotFound" time="0.002"/>
  <testcase classname="org.jangolano.wordsearch.model.PuzzleTest" name="searchDiangalBottomLeftNotFound" time="0"/>
  <testcase classname="org.jangolano.wordsearch.model.PuzzleTest" name="searchPuzzleForWordsNO" time="0"/>
</testsuite>